  Bone_Animation.cpp
  main.cpp
C:\Users\Kilgore\source\repos\Anim_Assignment_5\Shader.h(51,10): warning C4101: 'info_log': unreferenced local variable
C:\Users\Kilgore\source\repos\Anim_Assignment_5\Object.h(81,1): warning C4267: 'initializing': conversion from 'size_t' to 'int', possible loss of data
C:\Users\Kilgore\source\repos\Anim_Assignment_5\Object.h(175,1): warning C4305: 'argument': truncation from 'int' to 'T'
          with
          [
              T=float
          ]
  Renderer.cpp
C:\Users\Kilgore\source\repos\Anim_Assignment_5\Shader.h(51,10): warning C4101: 'info_log': unreferenced local variable
C:\Users\Kilgore\source\repos\Anim_Assignment_5\Object.h(81,1): warning C4267: 'initializing': conversion from 'size_t' to 'int', possible loss of data
C:\Users\Kilgore\source\repos\Anim_Assignment_5\Object.h(175,1): warning C4305: 'argument': truncation from 'int' to 'T'
          with
          [
              T=float
          ]
C:\Users\Kilgore\source\repos\Anim_Assignment_5\Renderer.cpp(241,22): warning C4244: 'initializing': conversion from 'double' to 'float', possible loss of data
C:\Users\Kilgore\source\repos\Anim_Assignment_5\Renderer.cpp(289,60): warning C4267: 'argument': conversion from 'size_t' to 'GLsizei', possible loss of data
C:\Users\Kilgore\source\repos\Anim_Assignment_5\Renderer.cpp(299,60): warning C4267: 'argument': conversion from 'size_t' to 'GLsizei', possible loss of data
C:\Users\Kilgore\source\repos\Anim_Assignment_5\Renderer.cpp(304,60): warning C4267: 'argument': conversion from 'size_t' to 'GLsizei', possible loss of data
C:\Users\Kilgore\source\repos\Anim_Assignment_5\Renderer.cpp(311,56): warning C4267: 'argument': conversion from 'size_t' to 'GLsizei', possible loss of data
LINK : warning LNK4098: defaultlib 'LIBCMT' conflicts with use of other libs; use /NODEFAULTLIB:library
  Generating code
  0 of 1378 functions ( 0.0%) were compiled, the rest were copied from previous compilation.
    0 functions were new in current compilation
    0 functions had inline decision re-evaluated but remain unchanged
  Finished generating code
glew32s.lib(glew.obj) : warning LNK4099: PDB 'vc120.pdb' was not found with 'glew32s.lib(glew.obj)' or at 'C:\Users\Kilgore\source\repos\Anim_Assignment_5\x64\Release\vc120.pdb'; linking object as if no debug info
  Anim_Assignment_5.vcxproj -> C:\Users\Kilgore\source\repos\Anim_Assignment_5\x64\Release\Anim_Assignment_5.exe
